2024-10-12T11:49:34.567Z info: Server running on port 5000
2024-10-12T11:49:39.147Z info: GET /api/pokemon
2024-10-12T11:49:39.148Z info: Fetching pokemon data from Supabase
2024-10-12T11:49:39.526Z info: Successfully fetched 0 pokemon
2024-10-12T11:50:16.696Z info: Server running on port 5000
2024-10-12T11:50:20.987Z info: GET /api/pokemon
2024-10-12T11:50:20.987Z info: Fetching pokemon data from Supabase
2024-10-12T11:50:20.991Z error: Error fetching pokemon data: TypeError: Request cannot be constructed from a URL that includes credentials: postgresql://postgres.hhunhlwsvwlckvnbqbzk:pokemon-app-2024@aws-0-eu-central-1.pooler.supabase.com:6543/postgres/rest/v1/pokemon?select=*
2024-10-12T11:50:20.991Z error: Error in /api/pokemon endpoint: TypeError: Request cannot be constructed from a URL that includes credentials: postgresql://postgres.hhunhlwsvwlckvnbqbzk:pokemon-app-2024@aws-0-eu-central-1.pooler.supabase.com:6543/postgres/rest/v1/pokemon?select=*
2024-10-12T11:50:46.998Z info: Server running on port 5000
2024-10-12T11:50:55.328Z info: GET /api/pokemon
2024-10-12T11:50:55.328Z info: Fetching pokemon data from Supabase
2024-10-12T11:50:55.633Z info: Successfully fetched 0 pokemon. Total count: 0
2024-10-12T11:51:08.451Z info: GET /api/check-connection
2024-10-12T11:51:08.451Z info: Checking Supabase connection and table existence
2024-10-12T11:51:08.667Z info: Supabase connection successful. Pokemon table exists: true
2024-10-12T11:51:59.838Z info: Server running on port 5000
2024-10-12T11:52:02.584Z info: GET /api/check-connection
2024-10-12T11:52:02.585Z info: Checking Supabase connection and table existence
2024-10-12T11:52:02.850Z info: Supabase connection successful. Pokemon table exists: true
2024-10-12T11:52:05.225Z info: GET /api/pokemon
2024-10-12T11:52:05.226Z info: Fetching pokemon data from Supabase
2024-10-12T11:52:05.354Z info: Query result: {"data":[],"count":0}
2024-10-12T11:52:05.354Z info: Successfully fetched 0 pokemon. Total count: 0
2024-10-12T11:52:05.354Z warn: No pokemon data found in the table
2024-10-12T11:52:08.318Z info: GET /api/pokemon/first
2024-10-12T11:52:08.319Z info: Fetching first pokemon from Supabase
2024-10-12T11:52:08.449Z error: Error fetching first pokemon: JSON object requested, multiple (or no) rows returned
2024-10-12T11:52:08.450Z error: Error in /api/pokemon/first endpoint: JSON object requested, multiple (or no) rows returned
2024-10-12T11:53:05.692Z info: Server running on port 5000
2024-10-12T11:53:16.932Z info: GET /api/table-info
2024-10-12T11:53:16.932Z info: Fetching table information from Supabase
2024-10-12T11:53:17.261Z error: Error in /api/table-info endpoint: Cannot read properties of null (reading 'count')
2024-10-12T11:55:02.590Z info: Server running on port 5000
2024-10-12T11:55:07.922Z info: GET /api/pokemon
2024-10-12T11:55:07.922Z info: Fetching pokemon data from Supabase
2024-10-12T11:55:08.226Z info: Successfully fetched 0 pokemon
